#
# There is insufficient memory for the Java Runtime Environment to continue.
# Native memory allocation (malloc) failed to allocate 856176 bytes for Chunk::new
# Possible reasons:
#   The system is out of physical RAM or swap space
#   The process is running with CompressedOops enabled, and the Java Heap may be blocking the growth of the native heap
# Possible solutions:
#   Reduce memory load on the system
#   Increase physical memory or swap space
#   Check if swap backing store is full
#   Decrease Java heap size (-Xmx/-Xms)
#   Decrease number of Java threads
#   Decrease Java thread stack sizes (-Xss)
#   Set larger code cache with -XX:ReservedCodeCacheSize=
#   JVM is running with Unscaled Compressed Oops mode in which the Java heap is
#     placed in the first 4GB address space. The Java Heap base address is the
#     maximum limit for the native heap growth. Please use -XX:HeapBaseMinAddress
#     to set the Java Heap base and to place the Java Heap above 4GB virtual address.
# This output file may be truncated or incomplete.
#
#  Out of Memory Error (allocation.cpp:389), pid=12932, tid=0x0000000000002b0c
#
# JRE version: OpenJDK Runtime Environment (8.0_202-b03) (build 1.8.0_202-release-1483-b03)
# Java VM: OpenJDK 64-Bit Server VM (25.202-b03 mixed mode windows-amd64 compressed oops)
# Failed to write core dump. Minidumps are not enabled by default on client versions of Windows
#

---------------  T H R E A D  ---------------

Current thread (0x0000000018bac800):  JavaThread "C2 CompilerThread2" daemon [_thread_in_native, id=11020, stack(0x0000000019680000,0x0000000019780000)]

Stack: [0x0000000019680000,0x0000000019780000]
[error occurred during error reporting (printing stack bounds), id 0xc0000005]

Native frames: (J=compiled Java code, j=interpreted, Vv=VM code, C=native code)


Current CompileTask:
C2:1125917 22559       4       com.android.tools.r8.dex.DexFileReader::parseDebugInfo (613 bytes)


---------------  P R O C E S S  ---------------

Java Threads: ( => current thread )
  0x0000000018d8f000 JavaThread "ForkJoinPool-2-worker-0" daemon [_thread_blocked, id=6420, stack(0x000000002aca0000,0x000000002ada0000)]
  0x0000000018d95000 JavaThread "ForkJoinPool-2-worker-3" daemon [_thread_blocked, id=14696, stack(0x000000002aba0000,0x000000002aca0000)]
  0x0000000018d92000 JavaThread "ForkJoinPool-2-worker-2" daemon [_thread_in_Java, id=14372, stack(0x000000002aaa0000,0x000000002aba0000)]
  0x0000000018d96000 JavaThread "ForkJoinPool-2-worker-1" daemon [_thread_blocked, id=17688, stack(0x0000000029db0000,0x0000000029eb0000)]
  0x0000000020b77000 JavaThread "ForkJoinPool.commonPool-worker-1" daemon [_thread_blocked, id=5440, stack(0x000000002a3b0000,0x000000002a4b0000)]
  0x0000000020b76800 JavaThread "ForkJoinPool.commonPool-worker-0" daemon [_thread_blocked, id=7456, stack(0x000000002a2b0000,0x000000002a3b0000)]
  0x0000000020b7b800 JavaThread "ForkJoinPool.commonPool-worker-7" daemon [_thread_blocked, id=17980, stack(0x000000002a1b0000,0x000000002a2b0000)]
  0x0000000020b7c800 JavaThread "ForkJoinPool.commonPool-worker-6" daemon [_thread_blocked, id=9892, stack(0x000000002a0b0000,0x000000002a1b0000)]
  0x000000001f222800 JavaThread "ForkJoinPool.commonPool-worker-5" daemon [_thread_blocked, id=16632, stack(0x0000000029fb0000,0x000000002a0b0000)]
  0x000000001f222000 JavaThread "ForkJoinPool.commonPool-worker-4" daemon [_thread_blocked, id=15984, stack(0x0000000029eb0000,0x0000000029fb0000)]
  0x000000001f225800 JavaThread "Cache worker for Java compile cache (D:\Astrology\.gradle\4.4\javaCompile)" [_thread_blocked, id=17508, stack(0x00000000296b0000,0x00000000297b0000)]
  0x0000000020b7a000 JavaThread "Task worker for ':' Thread 7" [_thread_blocked, id=6328, stack(0x00000000295b0000,0x00000000296b0000)]
  0x0000000021ba9800 JavaThread "Task worker for ':' Thread 6" [_thread_blocked, id=1300, stack(0x00000000290b0000,0x00000000291b0000)]
  0x0000000021ba8800 JavaThread "Task worker for ':' Thread 5" [_thread_blocked, id=6348, stack(0x0000000028fb0000,0x00000000290b0000)]
  0x0000000021bac800 JavaThread "Task worker for ':' Thread 4" [_thread_blocked, id=3800, stack(0x0000000028eb0000,0x0000000028fb0000)]
  0x0000000021ba7000 JavaThread "Task worker for ':' Thread 3" [_thread_blocked, id=1004, stack(0x0000000028db0000,0x0000000028eb0000)]
  0x0000000021bab800 JavaThread "Task worker for ':' Thread 2" [_thread_blocked, id=7420, stack(0x0000000028cb0000,0x0000000028db0000)]
  0x0000000021bab000 JavaThread "Task worker for ':'" [_thread_blocked, id=15160, stack(0x0000000028bb0000,0x0000000028cb0000)]
  0x0000000021ba5800 JavaThread "Cache worker for Build Output Cleanup Cache (D:\Astrology\.gradle\buildOutputCleanup)" [_thread_blocked, id=17824, stack(0x0000000028ab0000,0x0000000028bb0000)]
  0x000000001e729000 JavaThread "Cache worker for task history cache (D:\Astrology\.gradle\4.4\taskHistory)" [_thread_blocked, id=9008, stack(0x00000000286d0000,0x00000000287d0000)]
  0x000000001e72c000 JavaThread "Cache worker for file content cache (D:\Astrology\.gradle\4.4\fileContent)" [_thread_blocked, id=17660, stack(0x0000000027cd0000,0x0000000027dd0000)]
  0x000000001e72b800 JavaThread "build operations Thread 8" [_thread_blocked, id=5300, stack(0x0000000026230000,0x0000000026330000)]
  0x000000001e72d000 JavaThread "build operations Thread 7" [_thread_blocked, id=8300, stack(0x0000000025870000,0x0000000025970000)]
  0x000000001e72e800 JavaThread "build operations Thread 6" [_thread_blocked, id=17332, stack(0x0000000023020000,0x0000000023120000)]
  0x000000001e728800 JavaThread "build operations Thread 5" [_thread_blocked, id=2032, stack(0x0000000022f20000,0x0000000023020000)]
  0x000000001e72a800 JavaThread "build operations Thread 4" [_thread_blocked, id=19400, stack(0x0000000022e20000,0x0000000022f20000)]
  0x000000001e724000 JavaThread "build operations Thread 3" [_thread_blocked, id=4008, stack(0x0000000022d20000,0x0000000022e20000)]
  0x000000001e727800 JavaThread "build operations Thread 2" [_thread_blocked, id=16636, stack(0x0000000022c20000,0x0000000022d20000)]
  0x000000001e720000 JavaThread "build operations" [_thread_blocked, id=7380, stack(0x000000001fe30000,0x000000001ff30000)]
  0x000000001e726000 JavaThread "Cache worker for Artifact transforms cache (C:\Users\Franck\.gradle\caches\transforms-1)" [_thread_blocked, id=11828, stack(0x000000001fa50000,0x000000001fb50000)]
  0x000000001e723000 JavaThread "Cache worker for file hash cache (D:\Astrology\.gradle\4.4\fileHashes)" [_thread_blocked, id=7096, stack(0x000000001d7b0000,0x000000001d8b0000)]
  0x000000001e727000 JavaThread "Stdin handler" [_thread_blocked, id=1660, stack(0x000000001c1e0000,0x000000001c2e0000)]
  0x000000001e721800 JavaThread "Asynchronous log dispatcher for DefaultDaemonConnection: socket connection from /127.0.0.1:50328 to /127.0.0.1:51128" [_thread_blocked, id=244, stack(0x000000001c0e0000,0x000000001c1e0000)]
  0x000000001e725800 JavaThread "Cancel handler" [_thread_blocked, id=9288, stack(0x000000001bee0000,0x000000001bfe0000)]
  0x000000001e721000 JavaThread "Handler for socket connection from /127.0.0.1:50328 to /127.0.0.1:51128" [_thread_in_native, id=17416, stack(0x000000001bbe0000,0x000000001bce0000)]
  0x0000000021ba8000 JavaThread "Daemon worker Thread 2" [_thread_blocked, id=12220, stack(0x000000001bfe0000,0x000000001c0e0000)]
  0x0000000021baa000 JavaThread "Daemon Thread 2" [_thread_blocked, id=11796, stack(0x000000001bae0000,0x000000001bbe0000)]
  0x000000001f225000 JavaThread "Memory manager" [_thread_blocked, id=18768, stack(0x0000000023920000,0x0000000023a20000)]
  0x000000001af5f800 JavaThread "File lock request listener" [_thread_in_native, id=5760, stack(0x000000001c6e0000,0x000000001c7e0000)]
  0x000000001afdf000 JavaThread "Cache worker for file hash cache (C:\Users\Franck\.gradle\caches\4.4\fileHashes)" [_thread_blocked, id=5756, stack(0x000000001c5e0000,0x000000001c6e0000)]
  0x000000001adf3800 JavaThread "Daemon periodic checks" [_thread_blocked, id=5268, stack(0x000000001b9e0000,0x000000001bae0000)]
  0x000000001adb2800 JavaThread "Incoming local TCP Connector on port 50328" [_thread_in_native, id=5572, stack(0x000000001b790000,0x000000001b890000)]
  0x0000000018c42000 JavaThread "Service Thread" daemon [_thread_blocked, id=5468, stack(0x0000000019880000,0x0000000019980000)]
  0x0000000018bb3000 JavaThread "C1 CompilerThread3" daemon [_thread_in_native, id=11184, stack(0x0000000019780000,0x0000000019880000)]
=>0x0000000018bac800 JavaThread "C2 CompilerThread2" daemon [_thread_in_native, id=11020, stack(0x0000000019680000,0x0000000019780000)]
  0x0000000018ba7800 JavaThread "C2 CompilerThread1" daemon [_thread_in_native, id=7012, stack(0x0000000019580000,0x0000000019680000)]
  0x0000000018ba5000 JavaThread "C2 CompilerThread0" daemon [_thread_in_vm, id=7004, stack(0x0000000019480000,0x0000000019580000)]
  0x0000000018ba4000 JavaThread "Attach Listener" daemon [_thread_blocked, id=8700, stack(0x0000000019380000,0x0000000019480000)]
  0x0000000018ba3000 JavaThread "Signal Dispatcher" daemon [_thread_blocked, id=8692, stack(0x0000000019280000,0x0000000019380000)]
  0x0000000018b90800 JavaThread "Finalizer" daemon [_thread_blocked, id=6432, stack(0x0000000019070000,0x0000000019170000)]
  0x0000000002fd8000 JavaThread "Reference Handler" daemon [_thread_blocked, id=5696, stack(0x0000000018f70000,0x0000000019070000)]
  0x0000000002ee2800 JavaThread "main" [_thread_blocked, id=7108, stack(0x0000000002ce0000,0x0000000002de0000)]

Other Threads:
  0x0000000016d97000 VMThread [stack: 0x0000000018a70000,0x0000000018b70000] [id=6856]
  0x0000000018c43000 WatcherThread [stack: 0x0000000019980000,0x0000000019a80000] [id=7740]

VM state:not at safepoint (normal execution)

VM Mutex/Monitor currently owned by a thread: None

heap address: 0x00000000a0000000, size: 1536 MB, Compressed Oops mode: 32-bit
Narrow klass base: 0x0000000000000000, Narrow klass shift: 3
Compressed class space size: 1073741824 Address: 0x0000000100000000

Heap:
 PSYoungGen      total 488448K, used 414084K [0x00000000e0000000, 0x0000000100000000, 0x0000000100000000)
  eden space 456192K, 88% used [0x00000000e0000000,0x00000000f8c0e2b0,0x00000000fbd80000)
  from space 32256K, 26% used [0x00000000fbd80000,0x00000000fc5d2ed0,0x00000000fdd00000)
  to   space 31232K, 0% used [0x00000000fe180000,0x00000000fe180000,0x0000000100000000)
 ParOldGen       total 235520K, used 96853K [0x00000000a0000000, 0x00000000ae600000, 0x00000000e0000000)
  object space 235520K, 41% used [0x00000000a0000000,0x00000000a5e95678,0x00000000ae600000)
 Metaspace       used 105454K, capacity 111194K, committed 111488K, reserved 1146880K
  class space    used 13396K, capacity 14589K, committed 14720K, reserved 1048576K

Card table byte_map: [0x00000000123a0000,0x00000000126b0000] byte_map_base: 0x0000000011ea0000

Marking Bits: (ParMarkBitMap*) 0x0000000065279f30
 Begin Bits: [0x00000000130b0000, 0x00000000148b0000)
 End Bits:   [0x00000000148b0000, 0x00000000160b0000)

Polling page: 0x0000000001350000

CodeCache: size=245760Kb used=60355Kb max_used=60355Kb free=185404Kb
 bounds [0x0000000002fe0000, 0x0000000006b20000, 0x0000000011fe0000]
 total_blobs=19132 nmethods=18248 adapters=795
 compilation: enabled

Compilation events (10 events):
Event: 1125.887 Thread 0x0000000018bb3000 22655       3       com.android.tools.r8.dex.DexFileReader::readFields (155 bytes)
Event: 1125.889 Thread 0x0000000018bb3000 nmethod 22655 0x0000000006b14150 code [0x0000000006b143c0, 0x0000000006b155c8]
Event: 1125.889 Thread 0x0000000018bb3000 22656 %     3       com.android.tools.r8.dex.DexFileReader::parseAnnotationSet @ 14 (76 bytes)
Event: 1125.891 Thread 0x0000000018bb3000 nmethod 22656% 0x0000000006b16110 code [0x0000000006b16380, 0x0000000006b174c8]
Event: 1125.897 Thread 0x0000000018bb3000 22657       3       com.android.tools.r8.dex.DexFileReader::parseAnnotationSet (76 bytes)
Event: 1125.898 Thread 0x0000000018bb3000 nmethod 22657 0x0000000006b17ed0 code [0x0000000006b18120, 0x0000000006b19168]
Event: 1125.901 Thread 0x0000000018bb3000 22658       3       com.android.tools.r8.utils.EncodedValueUtils::parseSigned (67 bytes)
Event: 1125.901 Thread 0x0000000018bb3000 nmethod 22658 0x0000000006b19a90 code [0x0000000006b19c20, 0x0000000006b1a1d8]
Event: 1125.903 Thread 0x0000000018bb3000 22659       2       java.lang.Double::doubleToLongBits (33 bytes)
Event: 1125.904 Thread 0x0000000018bb3000 nmethod 22659 0x0000000006b1a490 code [0x0000000006b1a5e0, 0x0000000006b1a750]

GC Heap History (10 events):
Event: 1117.338 GC heap before
{Heap before GC invocations=31 (full 4):
 PSYoungGen      total 399360K, used 371291K [0x00000000e0000000, 0x00000000fac00000, 0x0000000100000000)
  eden space 365056K, 100% used [0x00000000e0000000,0x00000000f6480000,0x00000000f6480000)
  from space 34304K, 18% used [0x00000000f8680000,0x00000000f8c96ff0,0x00000000fa800000)
  to   space 34816K, 0% used [0x00000000f6480000,0x00000000f6480000,0x00000000f8680000)
 ParOldGen       total 235520K, used 94132K [0x00000000a0000000, 0x00000000ae600000, 0x00000000e0000000)
  object space 235520K, 39% used [0x00000000a0000000,0x00000000a5bed230,0x00000000ae600000)
 Metaspace       used 104476K, capacity 110076K, committed 110336K, reserved 1144832K
  class space    used 13321K, capacity 14482K, committed 14592K, reserved 1048576K
Event: 1117.356 GC heap after
Heap after GC invocations=31 (full 4):
 PSYoungGen      total 399872K, used 7211K [0x00000000e0000000, 0x00000000fe580000, 0x0000000100000000)
  eden space 365056K, 0% used [0x00000000e0000000,0x00000000e0000000,0x00000000f6480000)
  from space 34816K, 20% used [0x00000000f6480000,0x00000000f6b8aca0,0x00000000f8680000)
  to   space 34304K, 0% used [0x00000000fc400000,0x00000000fc400000,0x00000000fe580000)
 ParOldGen       total 235520K, used 94172K [0x00000000a0000000, 0x00000000ae600000, 0x00000000e0000000)
  object space 235520K, 39% used [0x00000000a0000000,0x00000000a5bf7230,0x00000000ae600000)
 Metaspace       used 104476K, capacity 110076K, committed 110336K, reserved 1144832K
  class space    used 13321K, capacity 14482K, committed 14592K, reserved 1048576K
}
Event: 1118.132 GC heap before
{Heap before GC invocations=32 (full 4):
 PSYoungGen      total 399872K, used 372267K [0x00000000e0000000, 0x00000000fe580000, 0x0000000100000000)
  eden space 365056K, 100% used [0x00000000e0000000,0x00000000f6480000,0x00000000f6480000)
  from space 34816K, 20% used [0x00000000f6480000,0x00000000f6b8aca0,0x00000000f8680000)
  to   space 34304K, 0% used [0x00000000fc400000,0x00000000fc400000,0x00000000fe580000)
 ParOldGen       total 235520K, used 94739K [0x00000000a0000000, 0x00000000ae600000, 0x00000000e0000000)
  object space 235520K, 40% used [0x00000000a0000000,0x00000000a5c84ce8,0x00000000ae600000)
 Metaspace       used 104549K, capacity 110140K, committed 110336K, reserved 1144832K
  class space    used 13321K, capacity 14482K, committed 14592K, reserved 1048576K
Event: 1118.150 GC heap after
Heap after GC invocations=32 (full 4):
 PSYoungGen      total 459776K, used 4427K [0x00000000e0000000, 0x00000000fe400000, 0x0000000100000000)
  eden space 427008K, 0% used [0x00000000e0000000,0x00000000e0000000,0x00000000fa100000)
  from space 32768K, 13% used [0x00000000fc400000,0x00000000fc852c30,0x00000000fe400000)
  to   space 34304K, 0% used [0x00000000fa100000,0x00000000fa100000,0x00000000fc280000)
 ParOldGen       total 235520K, used 94755K [0x00000000a0000000, 0x00000000ae600000, 0x00000000e0000000)
  object space 235520K, 40% used [0x00000000a0000000,0x00000000a5c88ce8,0x00000000ae600000)
 Metaspace       used 104549K, capacity 110140K, committed 110336K, reserved 1144832K
  class space    used 13321K, capacity 14482K, committed 14592K, reserved 1048576K
}
Event: 1118.973 GC heap before
{Heap before GC invocations=33 (full 4):
 PSYoungGen      total 459776K, used 431435K [0x00000000e0000000, 0x00000000fe400000, 0x0000000100000000)
  eden space 427008K, 100% used [0x00000000e0000000,0x00000000fa100000,0x00000000fa100000)
  from space 32768K, 13% used [0x00000000fc400000,0x00000000fc852c30,0x00000000fe400000)
  to   space 34304K, 0% used [0x00000000fa100000,0x00000000fa100000,0x00000000fc280000)
 ParOldGen       total 235520K, used 94757K [0x00000000a0000000, 0x00000000ae600000, 0x00000000e0000000)
  object space 235520K, 40% used [0x00000000a0000000,0x00000000a5c895e8,0x00000000ae600000)
 Metaspace       used 104600K, capacity 110204K, committed 110336K, reserved 1144832K
  class space    used 13322K, capacity 14482K, committed 14592K, reserved 1048576K
Event: 1119.006 GC heap after
Heap after GC invocations=33 (full 4):
 PSYoungGen      total 461312K, used 5986K [0x00000000e0000000, 0x0000000100000000, 0x0000000100000000)
  eden space 427008K, 0% used [0x00000000e0000000,0x00000000e0000000,0x00000000fa100000)
  from space 34304K, 17% used [0x00000000fa100000,0x00000000fa6d8810,0x00000000fc280000)
  to   space 33792K, 0% used [0x00000000fdf00000,0x00000000fdf00000,0x0000000100000000)
 ParOldGen       total 235520K, used 94773K [0x00000000a0000000, 0x00000000ae600000, 0x00000000e0000000)
  object space 235520K, 40% used [0x00000000a0000000,0x00000000a5c8d5e8,0x00000000ae600000)
 Metaspace       used 104600K, capacity 110204K, committed 110336K, reserved 1144832K
  class space    used 13322K, capacity 14482K, committed 14592K, reserved 1048576K
}
Event: 1119.787 GC heap before
{Heap before GC invocations=34 (full 4):
 PSYoungGen      total 461312K, used 432994K [0x00000000e0000000, 0x0000000100000000, 0x0000000100000000)
  eden space 427008K, 100% used [0x00000000e0000000,0x00000000fa100000,0x00000000fa100000)
  from space 34304K, 17% used [0x00000000fa100000,0x00000000fa6d8810,0x00000000fc280000)
  to   space 33792K, 0% used [0x00000000fdf00000,0x00000000fdf00000,0x0000000100000000)
 ParOldGen       total 235520K, used 94773K [0x00000000a0000000, 0x00000000ae600000, 0x00000000e0000000)
  object space 235520K, 40% used [0x00000000a0000000,0x00000000a5c8d5e8,0x00000000ae600000)
 Metaspace       used 104628K, capacity 110204K, committed 110336K, reserved 1144832K
  class space    used 13322K, capacity 14482K, committed 14592K, reserved 1048576K
Event: 1119.805 GC heap after
Heap after GC invocations=34 (full 4):
 PSYoungGen      total 486400K, used 11636K [0x00000000e0000000, 0x00000000ffc80000, 0x0000000100000000)
  eden space 456192K, 0% used [0x00000000e0000000,0x00000000e0000000,0x00000000fbd80000)
  from space 30208K, 38% used [0x00000000fdf00000,0x00000000fea5d030,0x00000000ffc80000)
  to   space 32256K, 0% used [0x00000000fbd80000,0x00000000fbd80000,0x00000000fdd00000)
 ParOldGen       total 235520K, used 96177K [0x00000000a0000000, 0x00000000ae600000, 0x00000000e0000000)
  object space 235520K, 40% used [0x00000000a0000000,0x00000000a5dec638,0x00000000ae600000)
 Metaspace       used 104628K, capacity 110204K, committed 110336K, reserved 1144832K
  class space    used 13322K, capacity 14482K, committed 14592K, reserved 1048576K
}
Event: 1120.554 GC heap before
{Heap before GC invocations=35 (full 4):
 PSYoungGen      total 486400K, used 467828K [0x00000000e0000000, 0x00000000ffc80000, 0x0000000100000000)
  eden space 456192K, 100% used [0x00000000e0000000,0x00000000fbd80000,0x00000000fbd80000)
  from space 30208K, 38% used [0x00000000fdf00000,0x00000000fea5d030,0x00000000ffc80000)
  to   space 32256K, 0% used [0x00000000fbd80000,0x00000000fbd80000,0x00000000fdd00000)
 ParOldGen       total 235520K, used 96177K [0x00000000a0000000, 0x00000000ae600000, 0x00000000e0000000)
  object space 235520K, 40% used [0x00000000a0000000,0x00000000a5dec638,0x00000000ae600000)
 Metaspace       used 104738K, capacity 110344K, committed 110592K, reserved 1144832K
  class space    used 13328K, capacity 14484K, committed 14592K, reserved 1048576K
Event: 1120.588 GC heap after
Heap after GC invocations=35 (full 4):
 PSYoungGen      total 488448K, used 8523K [0x00000000e0000000, 0x0000000100000000, 0x0000000100000000)
  eden space 456192K, 0% used [0x00000000e0000000,0x00000000e0000000,0x00000000fbd80000)
  from space 32256K, 26% used [0x00000000fbd80000,0x00000000fc5d2ed0,0x00000000fdd00000)
  to   space 31232K, 0% used [0x00000000fe180000,0x00000000fe180000,0x0000000100000000)
 ParOldGen       total 235520K, used 96853K [0x00000000a0000000, 0x00000000ae600000, 0x00000000e0000000)
  object space 235520K, 41% used [0x00000000a0000000,0x00000000a5e95678,0x00000000ae600000)
 Metaspace       used 104738K, capacity 110344K, committed 110592K, reserved 1144832K
  class space    used 13328K, capacity 14484K, committed 14592K, reserved 1048576K
}

Deoptimization events (10 events):
Event: 1124.446 Thread 0x0000000018d96000 Uncommon trap: reason=array_check action=maybe_recompile pc=0x000000000688c0cc method=java.util.TimSort.mergeHi(IIII)V @ 101
Event: 1124.446 Thread 0x0000000018d96000 Uncommon trap: reason=array_check action=maybe_recompile pc=0x000000000688c0cc method=java.util.TimSort.mergeHi(IIII)V @ 101
Event: 1124.447 Thread 0x0000000018d96000 Uncommon trap: reason=array_check action=maybe_recompile pc=0x000000000688994c method=java.util.TimSort.mergeLo(IIII)V @ 212
Event: 1124.448 Thread 0x0000000018d96000 Uncommon trap: reason=array_check action=maybe_recompile pc=0x00000000067985a4 method=java.util.TimSort.mergeHi(IIII)V @ 250
Event: 1124.459 Thread 0x0000000018d96000 Uncommon trap: reason=array_check action=maybe_recompile pc=0x000000000688994c method=java.util.TimSort.mergeLo(IIII)V @ 212
Event: 1124.463 Thread 0x0000000018d96000 Uncommon trap: reason=array_check action=maybe_recompile pc=0x00000000067985a4 method=java.util.TimSort.mergeHi(IIII)V @ 250
Event: 1124.681 Thread 0x0000000018d96000 Uncommon trap: reason=unstable_if action=reinterpret pc=0x0000000006a7f67c method=com.android.tools.r8.it.unimi.dsi.fastutil.objects.Reference2IntLinkedOpenHashMap.put(Ljava/lang/Object;I)I @ 8
Event: 1124.929 Thread 0x0000000018d96000 Uncommon trap: reason=unstable_if action=reinterpret pc=0x00000000034018c4 method=java.nio.Bits.copyFromArray(Ljava/lang/Object;JJJJ)V @ 18
Event: 1125.226 Thread 0x0000000020b7a000 Uncommon trap: reason=unstable_if action=reinterpret pc=0x0000000003270eb0 method=java.io.WinNTFileSystem.resolve(Ljava/lang/String;Ljava/lang/String;)Ljava/lang/String; @ 36
Event: 1125.425 Thread 0x0000000020b76800 Uncommon trap: reason=unstable_if action=reinterpret pc=0x00000000060a29c8 method=java.nio.Bits.copyToArray(JLjava/lang/Object;JJJ)V @ 19

Classes redefined (0 events):
No events

Internal exceptions (10 events):
Event: 1120.841 Thread 0x0000000018d92000 Exception <a 'sun/nio/fs/WindowsException'> (0x00000000e6cbd728) thrown at [D:\src\AOSP-openjdk-cygwin\jdk8u\hotspot\src\share\vm\prims\jni.cpp, line 710]
Event: 1120.843 Thread 0x0000000018d92000 Exception <a 'sun/nio/fs/WindowsException'> (0x00000000e6cc5440) thrown at [D:\src\AOSP-openjdk-cygwin\jdk8u\hotspot\src\share\vm\prims\jni.cpp, line 710]
Event: 1120.845 Thread 0x0000000018d92000 Exception <a 'sun/nio/fs/WindowsException'> (0x00000000e6cca9f0) thrown at [D:\src\AOSP-openjdk-cygwin\jdk8u\hotspot\src\share\vm\prims\jni.cpp, line 710]
Event: 1120.850 Thread 0x0000000018d93000 Exception <a 'sun/nio/fs/WindowsException'> (0x00000000e6c728a8) thrown at [D:\src\AOSP-openjdk-cygwin\jdk8u\hotspot\src\share\vm\prims\jni.cpp, line 710]
Event: 1122.622 Thread 0x0000000020b7a000 Exception <a 'sun/nio/fs/WindowsException'> (0x00000000e90a22d0) thrown at [D:\src\AOSP-openjdk-cygwin\jdk8u\hotspot\src\share\vm\prims\jni.cpp, line 710]
Event: 1122.995 Thread 0x0000000018d90800 Implicit null exception at 0x0000000003dca76f to 0x0000000003dca861
Event: 1122.995 Thread 0x0000000018d95000 Implicit null exception at 0x0000000003dca76f to 0x0000000003dca861
Event: 1122.995 Thread 0x0000000018d96000 Implicit null exception at 0x0000000003dca76f to 0x0000000003dca861
Event: 1124.925 Thread 0x0000000018d96000 Exception <a 'sun/nio/fs/WindowsException'> (0x00000000f413a1a0) thrown at [D:\src\AOSP-openjdk-cygwin\jdk8u\hotspot\src\share\vm\prims\jni.cpp, line 710]
Event: 1125.428 Thread 0x0000000020b76800 Exception <a 'sun/nio/fs/WindowsException'> (0x00000000f4678538) thrown at [D:\src\AOSP-openjdk-cygwin\jdk8u\hotspot\src\share\vm\prims\jni.cpp, line 710]

Events (10 events):
Event: 1125.426 Thread 0x0000000020b76800 DEOPT PACKING pc=0x00000000060a29c8 sp=0x000000002a3ae900
Event: 1125.426 Thread 0x0000000020b76800 DEOPT UNPACKING pc=0x000000000302557b sp=0x000000002a3ae700 mode 2
Event: 1125.507 Thread 0x0000000020b76800 DEOPT PACKING pc=0x0000000006935c11 sp=0x000000002a3ae890
Event: 1125.507 Thread 0x0000000020b76800 DEOPT UNPACKING pc=0x00000000030275d0 sp=0x000000002a3ae5e8 mode 0
Event: 1125.534 Thread 0x0000000020b76800 DEOPT PACKING pc=0x0000000006935411 sp=0x000000002a3ae890
Event: 1125.534 Thread 0x0000000020b76800 DEOPT UNPACKING pc=0x00000000030275d0 sp=0x000000002a3ae5e8 mode 0
Event: 1125.565 Thread 0x0000000018d96000 Thread added: 0x0000000018d96000
Event: 1125.565 Thread 0x0000000018d92000 Thread added: 0x0000000018d92000
Event: 1125.565 Thread 0x0000000018d95000 Thread added: 0x0000000018d95000
Event: 1125.565 Thread 0x0000000018d8f000 Thread added: 0x0000000018d8f000


Dynamic libraries:
0x00007ff7ddb50000 - 0x00007ff7ddb81000 	C:\Program Files\Android\Android Studio1\jre\bin\java.exe
0x00007ffb51520000 - 0x00007ffb51710000 	C:\WINDOWS\SYSTEM32\ntdll.dll
0x00007ffb3d420000 - 0x00007ffb3d434000 	C:\Program Files\AVAST Software\Avast\aswhook.dll
0x00007ffb512e0000 - 0x00007ffb51392000 	C:\WINDOWS\System32\KERNEL32.DLL
0x00007ffb4e4b0000 - 0x00007ffb4e753000 	C:\WINDOWS\System32\KERNELBASE.dll
0x00007ffb4feb0000 - 0x00007ffb4ff53000 	C:\WINDOWS\System32\ADVAPI32.dll
0x00007ffb50940000 - 0x00007ffb509de000 	C:\WINDOWS\System32\msvcrt.dll
0x00007ffb4fb90000 - 0x00007ffb4fc27000 	C:\WINDOWS\System32\sechost.dll
0x00007ffb50710000 - 0x00007ffb50830000 	C:\WINDOWS\System32\RPCRT4.dll
0x00007ffb51140000 - 0x00007ffb512d4000 	C:\WINDOWS\System32\USER32.dll
0x00007ffb4e790000 - 0x00007ffb4e7b1000 	C:\WINDOWS\System32\win32u.dll
0x00007ffb50910000 - 0x00007ffb50936000 	C:\WINDOWS\System32\GDI32.dll
0x00007ffb4e910000 - 0x00007ffb4eaa4000 	C:\WINDOWS\System32\gdi32full.dll
0x00007ffb4e870000 - 0x00007ffb4e90e000 	C:\WINDOWS\System32\msvcp_win.dll
0x00007ffb4f330000 - 0x00007ffb4f42a000 	C:\WINDOWS\System32\ucrtbase.dll
0x00007ffb3f6e0000 - 0x00007ffb3f965000 	C:\WINDOWS\WinSxS\amd64_microsoft.windows.common-controls_6595b64144ccf1df_6.0.18362.418_none_e6c6b287130d565d\COMCTL32.dll
0x00007ffb50110000 - 0x00007ffb50446000 	C:\WINDOWS\System32\combase.dll
0x00007ffb4f2b0000 - 0x00007ffb4f330000 	C:\WINDOWS\System32\bcryptPrimitives.dll
0x00007ffb504b0000 - 0x00007ffb504de000 	C:\WINDOWS\System32\IMM32.DLL
0x0000000064820000 - 0x00000000648f2000 	C:\Program Files\Android\Android Studio1\jre\jre\bin\msvcr100.dll
0x0000000064ab0000 - 0x00000000652f6000 	C:\Program Files\Android\Android Studio1\jre\jre\bin\server\jvm.dll
0x00007ffb50640000 - 0x00007ffb50648000 	C:\WINDOWS\System32\PSAPI.DLL
0x00007ffb3d3f0000 - 0x00007ffb3d3f9000 	C:\WINDOWS\SYSTEM32\WSOCK32.dll
0x00007ffb510d0000 - 0x00007ffb5113f000 	C:\WINDOWS\System32\WS2_32.dll
0x00007ffb485e0000 - 0x00007ffb48604000 	C:\WINDOWS\SYSTEM32\WINMM.dll
0x00007ffb47540000 - 0x00007ffb4754a000 	C:\WINDOWS\SYSTEM32\VERSION.dll
0x00007ffb485b0000 - 0x00007ffb485dd000 	C:\WINDOWS\SYSTEM32\WINMMBASE.dll
0x00007ffb4f430000 - 0x00007ffb4f47a000 	C:\WINDOWS\System32\cfgmgr32.dll
0x00007ffb49260000 - 0x00007ffb4926f000 	C:\Program Files\Android\Android Studio1\jre\jre\bin\verify.dll
0x00007ffb49230000 - 0x00007ffb49259000 	C:\Program Files\Android\Android Studio1\jre\jre\bin\java.dll
0x00007ffb49210000 - 0x00007ffb49226000 	C:\Program Files\Android\Android Studio1\jre\jre\bin\zip.dll
0x00007ffb509e0000 - 0x00007ffb510c5000 	C:\WINDOWS\System32\SHELL32.dll
0x00007ffb4ff70000 - 0x00007ffb50019000 	C:\WINDOWS\System32\shcore.dll
0x00007ffb4ead0000 - 0x00007ffb4f24f000 	C:\WINDOWS\System32\windows.storage.dll
0x00007ffb4e490000 - 0x00007ffb4e4af000 	C:\WINDOWS\System32\profapi.dll
0x00007ffb4e400000 - 0x00007ffb4e44a000 	C:\WINDOWS\System32\powrprof.dll
0x00007ffb4e3f0000 - 0x00007ffb4e400000 	C:\WINDOWS\System32\UMPDC.dll
0x00007ffb50830000 - 0x00007ffb50882000 	C:\WINDOWS\System32\shlwapi.dll
0x00007ffb4e450000 - 0x00007ffb4e461000 	C:\WINDOWS\System32\kernel.appcore.dll
0x00007ffb4eab0000 - 0x00007ffb4eac7000 	C:\WINDOWS\System32\cryptsp.dll
0x00007ffb491f0000 - 0x00007ffb4920a000 	C:\Program Files\Android\Android Studio1\jre\jre\bin\net.dll
0x00007ffb4dc60000 - 0x00007ffb4dcc7000 	C:\WINDOWS\system32\mswsock.dll
0x00007ffb491d0000 - 0x00007ffb491e1000 	C:\Program Files\Android\Android Studio1\jre\jre\bin\nio.dll
0x00007ffb436a0000 - 0x00007ffb436be000 	C:\Users\Franck\.gradle\native\25\windows-amd64\native-platform.dll
0x00007ffb491c0000 - 0x00007ffb491cd000 	C:\Program Files\Android\Android Studio1\jre\jre\bin\management.dll
0x00007ffb4d7d0000 - 0x00007ffb4d803000 	C:\WINDOWS\system32\rsaenh.dll
0x00007ffb4e760000 - 0x00007ffb4e786000 	C:\WINDOWS\System32\bcrypt.dll
0x00007ffb4e310000 - 0x00007ffb4e335000 	C:\WINDOWS\SYSTEM32\USERENV.dll
0x00007ffb4de30000 - 0x00007ffb4de3c000 	C:\WINDOWS\SYSTEM32\CRYPTBASE.dll
0x00007ffb4d970000 - 0x00007ffb4d9aa000 	C:\WINDOWS\SYSTEM32\IPHLPAPI.DLL
0x00007ffb4ff60000 - 0x00007ffb4ff68000 	C:\WINDOWS\System32\NSI.dll
0x00007ffb44f30000 - 0x00007ffb44f46000 	C:\WINDOWS\SYSTEM32\dhcpcsvc6.DLL
0x00007ffb464f0000 - 0x00007ffb4650c000 	C:\WINDOWS\SYSTEM32\dhcpcsvc.DLL
0x00007ffb4d9b0000 - 0x00007ffb4da7a000 	C:\WINDOWS\SYSTEM32\DNSAPI.dll
0x00007ffb00f30000 - 0x00007ffb00f54000 	C:\Program Files\Android\Android Studio1\jre\jre\bin\sunec.dll
0x00007ffb3dbc0000 - 0x00007ffb3dbca000 	C:\Windows\System32\rasadhlp.dll
0x00007ffb43470000 - 0x00007ffb434e7000 	C:\WINDOWS\System32\fwpuclnt.dll
0x00007ffb08460000 - 0x00007ffb0846b000 	C:\Program Files\Android\Android Studio1\jre\jre\bin\sunmscapi.dll
0x00007ffb4f480000 - 0x00007ffb4f5c9000 	C:\WINDOWS\System32\CRYPT32.dll
0x00007ffb4e470000 - 0x00007ffb4e482000 	C:\WINDOWS\System32\MSASN1.dll

VM Arguments:
jvm_args: -Xmx1536m -Dfile.encoding=windows-1251 -Duser.country=RU -Duser.language=ru -Duser.variant 
java_command: org.gradle.launcher.daemon.bootstrap.GradleDaemon 4.4
java_class_path (initial): C:\Users\Franck\.gradle\wrapper\dists\gradle-4.4-all\9br9xq1tocpiv8o6njlyu5op1\gradle-4.4\lib\gradle-launcher-4.4.jar
Launcher Type: SUN_STANDARD

Environment Variables:
JAVA_HOME=C:\Program Files\Java\jdk1.8.0_171
PATH=C:\Program Files (x86)\Common Files\Oracle\Java\javapath;C:\Program Files (x86)\Common Files\Intel\Shared Libraries\redist\intel64\compiler;C:\WINDOWS\system32;C:\WINDOWS;C:\WINDOWS\System32\Wbem;C:\WINDOWS\System32\WindowsPowerShell\v1.0\;C:\Program Files\Git\cmd;C:\FPC\2.6.4\bin\i386-Win32;C:\PostgreSQL\pg10\bin;C:\WINDOWS\System32\OpenSSH\;C:\Anaconda;C:\Program Files (x86)\Microsoft SQL Server\Client SDK\ODBC\130\Tools\Binn\;C:\Program Files (x86)\Microsoft SQL Server\140\Tools\Binn\;C:\Program Files (x86)\Microsoft SQL Server\140\DTS\Binn\;C:\Program Files (x86)\Microsoft SQL Server\140\Tools\Binn\ManagementStudio\;C:\Program Files\Geth;C:\Program Files (x86)\QuickTime\QTSystem\;C:\Program Files\dotnet\;C:\Program Files (x86)\dotnet\;C:\Go\bin;C:\Program Files\PuTTY\;C:\Users\Franck\AppData\Roaming\nvm;C:\Program Files\nodejs;D:\ANACONDA;D:\ANACONDA\Library\mingw-w64\bin;D:\ANACONDA\Library\usr\bin;D:\ANACONDA\Library\bin;D:\ANACONDA\Scripts;C:\Users\Franck\AppData\Local\Microsoft\WindowsApps;C:\Users\Franck\AppData\Local\now-cli;C:\Program Files\expload\pravda\bin;C:\Users\Franck\.dotnet\tools;C:\Users\Franck\go\bin;D:\golang\GoLand 2018.3.1\bin;;C:\adb;C:\Program Files\Java\jdk1.7.0_80\bin;D:\Microsoft VS Code\bin;D:\download\flutter_windows_v1.5.4-hotfix.2-stable\flutter\bin;D:\Android\Sdk\platform-tools;D:\Android\Sdk\platform;D:\Android\Sdk;D:\green_certif\greencertificates\node_modules\sleep\build\binding.sln;C:\Users\Franck\AppData\Roaming\npm;C:\Users\Franck\AppData\Roaming\nvm;C:\Program Files\nodejs;C:\Program Files\heroku\bin;C:\Users\Franck\AppData\Local\Microsoft\WindowsApps;;D:\GAMENODE\JetBrains Rider 2019.2.2\bin;
USERNAME=Franck
OS=Windows_NT
PROCESSOR_IDENTIFIER=Intel64 Family 6 Model 60 Stepping 3, GenuineIntel



---------------  S Y S T E M  ---------------

OS: Windows 10.0 , 64 bit Build 18362 (10.0.18362.329)

CPU:total 8 (initial active 8) (4 cores per cpu, 2 threads per core) family 6 model 60 stepping 3, cmov, cx8, fxsr, mmx, sse, sse2, sse3, ssse3, sse4.1, sse4.2, popcnt, avx, avx2, aes, clmul, erms, lzcnt, ht, tsc, tscinvbit, bmi1, bmi2

Memory: 4k page, physical 8305716k(393488k free), swap 10865716k(8508k free)

vm_info: OpenJDK 64-Bit Server VM (25.202-b03) for windows-amd64 JRE (1.8.0_202-release-1483-b03), built by "builder" with MS VC++ 10.0 (VS2010)

time: Sun Oct 27 10:46:22 2019
timezone: Беларусь (зима)
elapsed time: 1125 seconds (0d 0h 18m 45s)

